<?xml version="1.0" encoding="UTF-8"?>
<testng-results ignored="0" total="1" passed="1" failed="0" skipped="0">
  <reporter-output>
  </reporter-output>
  <suite started-at="2022-08-08T09:05:54 IST" name="Default suite" finished-at="2022-08-08T09:06:12 IST" duration-ms="18459">
    <groups>
    </groups>
    <test started-at="2022-08-08T09:05:54 IST" name="Default test" finished-at="2022-08-08T09:06:12 IST" duration-ms="18459">
      <class name="sanjeevacademy.appiumbasics">
        <test-method is-config="true" signature="setUp()[pri:0, instance:sanjeevacademy.appiumbasics@4d5650ae]" started-at="2022-08-08T09:05:54 IST" name="setUp" finished-at="2022-08-08T09:06:12 IST" duration-ms="17937" status="PASS">
          <reporter-output>
          </reporter-output>
        </test-method> <!-- setUp -->
        <test-method signature="AppiumTest()[pri:0, instance:sanjeevacademy.appiumbasics@4d5650ae]" started-at="2022-08-08T09:06:12 IST" name="AppiumTest" finished-at="2022-08-08T09:06:12 IST" duration-ms="326" status="PASS">
          <reporter-output>
          </reporter-output>
        </test-method> <!-- AppiumTest -->
      </class> <!-- sanjeevacademy.appiumbasics -->
    </test> <!-- Default test -->
  </suite> <!-- Default suite -->
</testng-results>
