<?xml version="1.0" encoding="UTF-8"?>
<testng-results skipped="0" failed="0" ignored="0" total="2" passed="2">
  <reporter-output>
  </reporter-output>
  <suite name="Default suite" duration-ms="13077" started-at="2022-06-02T05:43:59Z" finished-at="2022-06-02T05:44:12Z">
    <groups>
    </groups>
    <test name="Default test" duration-ms="13077" started-at="2022-06-02T05:43:59Z" finished-at="2022-06-02T05:44:12Z">
      <class name="com.crm.qa.testcases.LoginpageTest">
        <test-method status="PASS" signature="setup()[pri:0, instance:com.crm.qa.testcases.LoginpageTest@6193932a]" name="setup" is-config="true" duration-ms="8096" started-at="2022-06-02T11:13:59Z" finished-at="2022-06-02T11:14:08Z">
          <reporter-output>
          </reporter-output>
        </test-method> <!-- setup -->
        <test-method status="PASS" signature="validateloginpageTitleTest()[pri:1, instance:com.crm.qa.testcases.LoginpageTest@6193932a]" name="validateloginpageTitleTest" duration-ms="25" started-at="2022-06-02T11:14:08Z" finished-at="2022-06-02T11:14:08Z">
          <reporter-output>
          </reporter-output>
        </test-method> <!-- validateloginpageTitleTest -->
        <test-method status="PASS" signature="teardown()[pri:0, instance:com.crm.qa.testcases.LoginpageTest@6193932a]" name="teardown" is-config="true" duration-ms="216" started-at="2022-06-02T11:14:08Z" finished-at="2022-06-02T11:14:08Z">
          <reporter-output>
          </reporter-output>
        </test-method> <!-- teardown -->
        <test-method status="PASS" signature="setup()[pri:0, instance:com.crm.qa.testcases.LoginpageTest@6193932a]" name="setup" is-config="true" duration-ms="4110" started-at="2022-06-02T11:14:08Z" finished-at="2022-06-02T11:14:12Z">
          <reporter-output>
          </reporter-output>
        </test-method> <!-- setup -->
        <test-method status="PASS" signature="loginTest()[pri:2, instance:com.crm.qa.testcases.LoginpageTest@6193932a]" name="loginTest" duration-ms="412" started-at="2022-06-02T11:14:12Z" finished-at="2022-06-02T11:14:12Z">
          <reporter-output>
          </reporter-output>
        </test-method> <!-- loginTest -->
        <test-method status="PASS" signature="teardown()[pri:0, instance:com.crm.qa.testcases.LoginpageTest@6193932a]" name="teardown" is-config="true" duration-ms="187" started-at="2022-06-02T11:14:12Z" finished-at="2022-06-02T11:14:12Z">
          <reporter-output>
          </reporter-output>
        </test-method> <!-- teardown -->
      </class> <!-- com.crm.qa.testcases.LoginpageTest -->
    </test> <!-- Default test -->
  </suite> <!-- Default suite -->
</testng-results>
