<?xml version="1.0" encoding="UTF-8"?>
<!-- Generated by org.testng.reporters.JUnitXMLReporter -->
<testsuite hostname="Pragatis-MacBook-Pro.local" ignored="0" name="Default test" tests="2" failures="0" timestamp="02 Jun 2022 05:44:17 GMT" time="13.077" errors="0">
  <testcase name="validateloginpageTitleTest" time="0.025" classname="com.crm.qa.testcases.LoginpageTest"/>
  <testcase name="loginTest" time="0.412" classname="com.crm.qa.testcases.LoginpageTest"/>
</testsuite> <!-- Default test -->
